kNN filter keeps 69694/103218 (67.52%)
targets ready: 69738 usable samples (44 consensus pseudo-labelled)
train images 69738  val images 10285
Warning: You are sending unauthenticated requests to the HF Hub. Please set a HF_TOKEN to enable higher rate limits and faster downloads.
trainable params: 2.74M
D:\04_Tools\Python\Lib\site-packages\PIL\Image.py:1034: UserWarning: Palette images with Transparency expressed in bytes should be converted to RGBA images
  warnings.warn(
D:\04_Tools\Python\Lib\site-packages\PIL\TiffImagePlugin.py:949: UserWarning: Corrupt EXIF data.  Expecting to read 4 bytes but only got 2. 
  warnings.warn(str(msg))
D:\04_Tools\Python\Lib\site-packages\PIL\Image.py:1034: UserWarning: Palette images with Transparency expressed in bytes should be converted to RGBA images
  warnings.warn(
epoch 01/12 loss=1.8458 time=390s  noisy_all=0.6085  low_lt03=0.2331  mid_03_06=0.7505  high_ge06=0.9831  *best*
D:\04_Tools\Python\Lib\site-packages\PIL\TiffImagePlugin.py:949: UserWarning: Corrupt EXIF data.  Expecting to read 4 bytes but only got 2. 
  warnings.warn(str(msg))
epoch 02/12 loss=1.5857 time=384s  noisy_all=0.6337  low_lt03=0.2707  mid_03_06=0.7815  high_ge06=0.9876  *best*
epoch 03/12 loss=1.4544 time=383s  noisy_all=0.6555  low_lt03=0.2983  mid_03_06=0.8178  high_ge06=0.99  *best*
epoch 04/12 loss=1.3762 time=377s  noisy_all=0.676  low_lt03=0.3273  mid_03_06=0.8466  high_ge06=0.9927  *best*
epoch 05/12 loss=1.3138 time=382s  noisy_all=0.6957  low_lt03=0.3586  mid_03_06=0.8702  high_ge06=0.9939  *best*
epoch 06/12 loss=1.2650 time=381s  noisy_all=0.7067  low_lt03=0.3786  mid_03_06=0.8792  high_ge06=0.9949  *best*
epoch 07/12 loss=1.2259 time=378s  noisy_all=0.7157  low_lt03=0.3965  mid_03_06=0.8851  high_ge06=0.9949  *best*
epoch 08/12 loss=1.1939 time=381s  noisy_all=0.7216  low_lt03=0.4104  mid_03_06=0.8851  high_ge06=0.9952
epoch 09/12 loss=1.1688 time=383s  noisy_all=0.7254  low_lt03=0.4185  mid_03_06=0.8874  high_ge06=0.9946  *best*
epoch 10/12 loss=1.1509 time=381s  noisy_all=0.727  low_lt03=0.4222  mid_03_06=0.8874  high_ge06=0.9946
epoch 11/12 loss=1.1405 time=377s  noisy_all=0.7286  low_lt03=0.4255  mid_03_06=0.8885  high_ge06=0.9946  *best*
epoch 12/12 loss=1.1362 time=377s  noisy_all=0.7274  low_lt03=0.4222  mid_03_06=0.8881  high_ge06=0.9952
done
