kNN filter keeps 83401/103218 (80.80%)
targets ready: 83485 usable samples (84 consensus pseudo-labelled)
train images 83485  val images 10285
Warning: You are sending unauthenticated requests to the HF Hub. Please set a HF_TOKEN to enable higher rate limits and faster downloads.
trainable params: 5.10M
D:\04_Tools\Python\Lib\site-packages\PIL\Image.py:1034: UserWarning: Palette images with Transparency expressed in bytes should be converted to RGBA images
  warnings.warn(
D:\04_Tools\Python\Lib\site-packages\PIL\Image.py:1034: UserWarning: Palette images with Transparency expressed in bytes should be converted to RGBA images
  warnings.warn(
D:\04_Tools\Python\Lib\site-packages\PIL\TiffImagePlugin.py:949: UserWarning: Corrupt EXIF data.  Expecting to read 4 bytes but only got 2. 
  warnings.warn(str(msg))
epoch 01/8 loss=1.8910 time=660s  noisy_all=0.7119  low_lt03=0.4016  mid_03_06=0.8638  high_ge06=0.9936  *best*
epoch 02/8 loss=1.6788 time=648s  noisy_all=0.7523  low_lt03=0.4742  mid_03_06=0.8997  high_ge06=0.9955  *best*
epoch 03/8 loss=1.5275 time=650s  noisy_all=0.7667  low_lt03=0.5007  mid_03_06=0.9117  high_ge06=0.9964  *best*
epoch 04/8 loss=1.4056 time=656s  noisy_all=0.7751  low_lt03=0.5176  mid_03_06=0.9173  high_ge06=0.9958  *best*
epoch 05/8 loss=1.2979 time=640s  noisy_all=0.7842  low_lt03=0.5364  mid_03_06=0.9222  high_ge06=0.9955  *best*
epoch 06/8 loss=1.2037 time=647s  noisy_all=0.7873  low_lt03=0.5446  mid_03_06=0.9229  high_ge06=0.9939  *best*
D:\04_Tools\Python\Lib\site-packages\PIL\TiffImagePlugin.py:949: UserWarning: Corrupt EXIF data.  Expecting to read 4 bytes but only got 2. 
  warnings.warn(str(msg))
epoch 07/8 loss=1.1412 time=645s  noisy_all=0.7856  low_lt03=0.5443  mid_03_06=0.9192  high_ge06=0.9921
epoch 08/8 loss=1.1139 time=646s  noisy_all=0.7847  low_lt03=0.5422  mid_03_06=0.9169  high_ge06=0.9939
done
