kNN filter keeps 69694/103218 (67.52%)
targets ready: 69738 usable samples (44 consensus pseudo-labelled)
train images 69738  val images 10285
Warning: You are sending unauthenticated requests to the HF Hub. Please set a HF_TOKEN to enable higher rate limits and faster downloads.
trainable params: 2.74M
D:\04_Tools\Python\Lib\site-packages\PIL\Image.py:1034: UserWarning: Palette images with Transparency expressed in bytes should be converted to RGBA images
  warnings.warn(
D:\04_Tools\Python\Lib\site-packages\PIL\Image.py:1034: UserWarning: Palette images with Transparency expressed in bytes should be converted to RGBA images
  warnings.warn(
D:\04_Tools\Python\Lib\site-packages\PIL\TiffImagePlugin.py:949: UserWarning: Corrupt EXIF data.  Expecting to read 4 bytes but only got 2. 
  warnings.warn(str(msg))
epoch 01/8 loss=1.7746 time=684s  noisy_all=0.6807  low_lt03=0.3503  mid_03_06=0.8331  high_ge06=0.9882  *best*
epoch 02/8 loss=1.4996 time=672s  noisy_all=0.7302  low_lt03=0.4304  mid_03_06=0.8859  high_ge06=0.9952  *best*
D:\04_Tools\Python\Lib\site-packages\PIL\TiffImagePlugin.py:949: UserWarning: Corrupt EXIF data.  Expecting to read 4 bytes but only got 2. 
  warnings.warn(str(msg))
epoch 03/8 loss=1.3646 time=678s  noisy_all=0.7463  low_lt03=0.4589  mid_03_06=0.9009  high_ge06=0.9961  *best*
epoch 04/8 loss=1.2692 time=669s  noisy_all=0.7514  low_lt03=0.4703  mid_03_06=0.9027  high_ge06=0.9955  *best*
epoch 05/8 loss=1.1921 time=674s  noisy_all=0.7556  low_lt03=0.477  mid_03_06=0.9087  high_ge06=0.9949  *best*
epoch 06/8 loss=1.1319 time=672s  noisy_all=0.7573  low_lt03=0.4831  mid_03_06=0.9065  high_ge06=0.9942
epoch 07/8 loss=1.0938 time=678s  noisy_all=0.7581  low_lt03=0.4847  mid_03_06=0.9061  high_ge06=0.9949
epoch 08/8 loss=1.0765 time=675s  noisy_all=0.7581  low_lt03=0.4849  mid_03_06=0.9068  high_ge06=0.9939
done
