kNN filter keeps 78765/103218 (76.31%)
targets ready: 78865 usable samples (100 consensus pseudo-labelled)
train images 78865  val images 10285
Warning: You are sending unauthenticated requests to the HF Hub. Please set a HF_TOKEN to enable higher rate limits and faster downloads.
trainable params: 2.74M
D:\04_Tools\Python\Lib\site-packages\PIL\Image.py:1034: UserWarning: Palette images with Transparency expressed in bytes should be converted to RGBA images
  warnings.warn(
D:\04_Tools\Python\Lib\site-packages\PIL\Image.py:1034: UserWarning: Palette images with Transparency expressed in bytes should be converted to RGBA images
  warnings.warn(
D:\04_Tools\Python\Lib\site-packages\PIL\TiffImagePlugin.py:949: UserWarning: Corrupt EXIF data.  Expecting to read 4 bytes but only got 2. 
  warnings.warn(str(msg))
epoch 01/8 loss=1.8367 time=717s  noisy_all=0.6752  low_lt03=0.3447  mid_03_06=0.823  high_ge06=0.9864  *best*
D:\04_Tools\Python\Lib\site-packages\PIL\TiffImagePlugin.py:949: UserWarning: Corrupt EXIF data.  Expecting to read 4 bytes but only got 2. 
  warnings.warn(str(msg))
epoch 02/8 loss=1.5553 time=697s  noisy_all=0.7275  low_lt03=0.4278  mid_03_06=0.881  high_ge06=0.9939  *best*
epoch 03/8 loss=1.4179 time=698s  noisy_all=0.7532  low_lt03=0.4719  mid_03_06=0.9076  high_ge06=0.9952  *best*
epoch 04/8 loss=1.3243 time=696s  noisy_all=0.7679  low_lt03=0.5009  mid_03_06=0.9166  high_ge06=0.9958  *best*
epoch 05/8 loss=1.2464 time=728s  noisy_all=0.7732  low_lt03=0.513  mid_03_06=0.9184  high_ge06=0.9949  *best*
epoch 06/8 loss=1.1876 time=700s  noisy_all=0.7741  low_lt03=0.5162  mid_03_06=0.9166  high_ge06=0.9952
epoch 07/8 loss=1.1473 time=698s  noisy_all=0.7749  low_lt03=0.5183  mid_03_06=0.9155  high_ge06=0.9958
epoch 08/8 loss=1.1293 time=701s  noisy_all=0.7734  low_lt03=0.5172  mid_03_06=0.9125  high_ge06=0.9949
done
