kNN filter keeps 69694/103218 (67.52%)
targets ready: 69738 usable samples (44 consensus pseudo-labelled)
train images 69738  val images 10285
Warning: You are sending unauthenticated requests to the HF Hub. Please set a HF_TOKEN to enable higher rate limits and faster downloads.
trainable params: 5.10M
D:\04_Tools\Python\Lib\site-packages\PIL\Image.py:1034: UserWarning: Palette images with Transparency expressed in bytes should be converted to RGBA images
  warnings.warn(
D:\04_Tools\Python\Lib\site-packages\PIL\Image.py:1034: UserWarning: Palette images with Transparency expressed in bytes should be converted to RGBA images
  warnings.warn(
D:\04_Tools\Python\Lib\site-packages\PIL\TiffImagePlugin.py:949: UserWarning: Corrupt EXIF data.  Expecting to read 4 bytes but only got 2. 
  warnings.warn(str(msg))
epoch 01/8 loss=1.7365 time=562s  noisy_all=0.6642  low_lt03=0.3252  mid_03_06=0.8126  high_ge06=0.9861  *best*
epoch 02/8 loss=1.4796 time=561s  noisy_all=0.717  low_lt03=0.4088  mid_03_06=0.8698  high_ge06=0.9952  *best*
epoch 03/8 loss=1.3424 time=557s  noisy_all=0.7432  low_lt03=0.455  mid_03_06=0.8956  high_ge06=0.9958  *best*
epoch 04/8 loss=1.2437 time=559s  noisy_all=0.7561  low_lt03=0.477  mid_03_06=0.9087  high_ge06=0.9964  *best*
epoch 05/8 loss=1.1684 time=563s  noisy_all=0.7601  low_lt03=0.4854  mid_03_06=0.9113  high_ge06=0.9961  *best*
D:\04_Tools\Python\Lib\site-packages\PIL\TiffImagePlugin.py:949: UserWarning: Corrupt EXIF data.  Expecting to read 4 bytes but only got 2. 
  warnings.warn(str(msg))
epoch 06/8 loss=1.1099 time=559s  noisy_all=0.7605  low_lt03=0.4863  mid_03_06=0.9136  high_ge06=0.9942  *best*
epoch 07/8 loss=1.0761 time=562s  noisy_all=0.7621  low_lt03=0.4893  mid_03_06=0.9132  high_ge06=0.9955
epoch 08/8 loss=1.0626 time=562s  noisy_all=0.7616  low_lt03=0.4891  mid_03_06=0.9113  high_ge06=0.9958
done
