kNN filter keeps 83401/103218 (80.80%)
targets ready: 83485 usable samples (84 consensus pseudo-labelled)
train images 83485  val images 10285
Warning: You are sending unauthenticated requests to the HF Hub. Please set a HF_TOKEN to enable higher rate limits and faster downloads.
trainable params: 2.74M
D:\04_Tools\Python\Lib\site-packages\PIL\Image.py:1034: UserWarning: Palette images with Transparency expressed in bytes should be converted to RGBA images
  warnings.warn(
D:\04_Tools\Python\Lib\site-packages\PIL\Image.py:1034: UserWarning: Palette images with Transparency expressed in bytes should be converted to RGBA images
  warnings.warn(
D:\04_Tools\Python\Lib\site-packages\PIL\TiffImagePlugin.py:949: UserWarning: Corrupt EXIF data.  Expecting to read 4 bytes but only got 2. 
  warnings.warn(str(msg))
epoch 01/8 loss=1.8678 time=644s  noisy_all=0.6817  low_lt03=0.3545  mid_03_06=0.8309  high_ge06=0.9876  *best*
D:\04_Tools\Python\Lib\site-packages\PIL\TiffImagePlugin.py:949: UserWarning: Corrupt EXIF data.  Expecting to read 4 bytes but only got 2. 
  warnings.warn(str(msg))
epoch 02/8 loss=1.5992 time=632s  noisy_all=0.7352  low_lt03=0.4436  mid_03_06=0.8844  high_ge06=0.9949  *best*
epoch 03/8 loss=1.4597 time=644s  noisy_all=0.7632  low_lt03=0.493  mid_03_06=0.9102  high_ge06=0.9964  *best*
epoch 04/8 loss=1.3596 time=640s  noisy_all=0.7745  low_lt03=0.5151  mid_03_06=0.9192  high_ge06=0.9958  *best*
epoch 05/8 loss=1.2770 time=640s  noisy_all=0.7796  low_lt03=0.5246  mid_03_06=0.9226  high_ge06=0.9964  *best*
epoch 06/8 loss=1.2128 time=639s  noisy_all=0.78  low_lt03=0.5258  mid_03_06=0.9233  high_ge06=0.9955  *best*
epoch 07/8 loss=1.1723 time=644s  noisy_all=0.7807  low_lt03=0.5288  mid_03_06=0.9211  high_ge06=0.9955
epoch 08/8 loss=1.1509 time=636s  noisy_all=0.7774  low_lt03=0.5246  mid_03_06=0.9166  high_ge06=0.9946
done
