kNN filter keeps 83401/103218 (80.80%)
targets ready: 83485 usable samples (84 consensus pseudo-labelled)
train images 83485  val images 10285
Warning: You are sending unauthenticated requests to the HF Hub. Please set a HF_TOKEN to enable higher rate limits and faster downloads.
trainable params: 5.10M
D:\04_Tools\Python\Lib\site-packages\PIL\Image.py:1034: UserWarning: Palette images with Transparency expressed in bytes should be converted to RGBA images
  warnings.warn(
D:\04_Tools\Python\Lib\site-packages\PIL\TiffImagePlugin.py:949: UserWarning: Corrupt EXIF data.  Expecting to read 4 bytes but only got 2. 
  warnings.warn(str(msg))
D:\04_Tools\Python\Lib\site-packages\PIL\Image.py:1034: UserWarning: Palette images with Transparency expressed in bytes should be converted to RGBA images
  warnings.warn(
epoch 01/8 loss=1.8491 time=644s  noisy_all=0.6935  low_lt03=0.373  mid_03_06=0.8451  high_ge06=0.9888  *best*
epoch 02/8 loss=1.6013 time=632s  noisy_all=0.7457  low_lt03=0.4601  mid_03_06=0.8979  high_ge06=0.9952  *best*
D:\04_Tools\Python\Lib\site-packages\PIL\TiffImagePlugin.py:949: UserWarning: Corrupt EXIF data.  Expecting to read 4 bytes but only got 2. 
  warnings.warn(str(msg))
epoch 03/8 loss=1.4518 time=633s  noisy_all=0.7702  low_lt03=0.5056  mid_03_06=0.9169  high_ge06=0.9967  *best*
epoch 04/8 loss=1.3401 time=644s  noisy_all=0.7807  low_lt03=0.5269  mid_03_06=0.9244  high_ge06=0.9955  *best*
epoch 05/8 loss=1.2448 time=634s  noisy_all=0.7845  low_lt03=0.5378  mid_03_06=0.9211  high_ge06=0.9958
epoch 06/8 loss=1.1713 time=638s  noisy_all=0.7872  low_lt03=0.5446  mid_03_06=0.9214  high_ge06=0.9949
epoch 07/8 loss=1.1243 time=630s  noisy_all=0.7884  low_lt03=0.5474  mid_03_06=0.9218  high_ge06=0.9949
epoch 08/8 loss=1.1019 time=636s  noisy_all=0.7884  low_lt03=0.5478  mid_03_06=0.9211  high_ge06=0.9949
early stopping after 4 stale epochs
done
