kNN filter keeps 77494/103218 (75.08%)
targets ready: 77574 usable samples (80 consensus pseudo-labelled)
train images 77574  val images 0
Warning: You are sending unauthenticated requests to the HF Hub. Please set a HF_TOKEN to enable higher rate limits and faster downloads.
trainable params: 1.27M
D:\04_Tools\Python\Lib\site-packages\PIL\Image.py:1034: UserWarning: Palette images with Transparency expressed in bytes should be converted to RGBA images
  warnings.warn(
D:\04_Tools\Python\Lib\site-packages\PIL\Image.py:1034: UserWarning: Palette images with Transparency expressed in bytes should be converted to RGBA images
  warnings.warn(
D:\04_Tools\Python\Lib\site-packages\PIL\Image.py:1034: UserWarning: Palette images with Transparency expressed in bytes should be converted to RGBA images
  warnings.warn(
D:\04_Tools\Python\Lib\site-packages\PIL\Image.py:1034: UserWarning: Palette images with Transparency expressed in bytes should be converted to RGBA images
  warnings.warn(
D:\04_Tools\Python\Lib\site-packages\PIL\TiffImagePlugin.py:949: UserWarning: Corrupt EXIF data.  Expecting to read 4 bytes but only got 2. 
  warnings.warn(str(msg))
epoch 01/15 loss=1.6756 time=336s
D:\04_Tools\Python\Lib\site-packages\PIL\TiffImagePlugin.py:949: UserWarning: Corrupt EXIF data.  Expecting to read 4 bytes but only got 2. 
  warnings.warn(str(msg))
epoch 02/15 loss=1.4824 time=300s
D:\04_Tools\Python\Lib\site-packages\PIL\TiffImagePlugin.py:949: UserWarning: Corrupt EXIF data.  Expecting to read 4 bytes but only got 2. 
  warnings.warn(str(msg))
epoch 03/15 loss=1.3696 time=322s
epoch 04/15 loss=1.2959 time=301s
epoch 05/15 loss=1.2459 time=284s
epoch 06/15 loss=1.2064 time=292s
epoch 07/15 loss=1.1746 time=298s
D:\04_Tools\Python\Lib\site-packages\PIL\TiffImagePlugin.py:949: UserWarning: Corrupt EXIF data.  Expecting to read 4 bytes but only got 2. 
  warnings.warn(str(msg))
epoch 08/15 loss=1.1497 time=277s
epoch 09/15 loss=1.1287 time=292s
epoch 10/15 loss=1.1120 time=292s
epoch 11/15 loss=1.0992 time=279s
epoch 12/15 loss=1.0894 time=277s
epoch 13/15 loss=1.0828 time=280s
epoch 14/15 loss=1.0789 time=286s
epoch 15/15 loss=1.0767 time=286s
done
