[breadth] START gce :: --robust-loss gce --gce-q 0.7
[breadth] gce done (best mid: mid_03_06=0.8938)
[breadth] START keep95 :: --keep-ratio 0.95
[breadth] keep95 done (best mid: mid_03_06=0.9233)
[breadth] START keep85 :: --keep-ratio 0.85
[breadth] keep85 done (best mid: mid_03_06=0.9237)
[breadth] START aug06 :: --crop-min-scale 0.6
[breadth] aug06 done (best mid: mid_03_06=0.9229)
[breadth] START ema9995 :: --ema-decay 0.9995
[breadth] ema9995 done (best mid: mid_03_06=0.9282)
[breadth] === soup the diverse bests + strong existing ingredients -> soup_v3 ===
souped 7 checkpoints -> outputs_soup_v3\lora\full.pt
  sources: best.pt, best.pt, best.pt, best.pt, best.pt, best.pt, best_ep30.pt
Warning: You are sending unauthenticated requests to the HF Hub. Please set a HF_TOKEN to enable higher rate limits and faster downloads.
loaded outputs_soup_v3\lora\full.pt (epoch swa), img_size=448, scales=[448, 512, 576] x flip
  scale 448 done
  scale 512 done
  scale 576 done
tta          dist: min=3 max=201 std=20.0
tta_balanced       dist: min=45 max=53 std=1.2  (changed 4356)
saved submissions\pred_results_soup_v3_tta.csv and submissions\pred_results_soup_v3_tta.zip
saved submissions\pred_results_soup_v3_tta_balanced.csv and submissions\pred_results_soup_v3_tta_balanced.zip
RESULT: PASS
[breadth] BREADTH PHASE1 DONE
