Warning: You are sending unauthenticated requests to the HF Hub. Please set a HF_TOKEN to enable higher rate limits and faster downloads.
loaded outputs_fet_c448_elr8\lora\best.pt (epoch 7); predicting 103218 train imgs
D:\04_Tools\Python\Lib\site-packages\PIL\TiffImagePlugin.py:949: UserWarning: Corrupt EXIF data.  Expecting to read 4 bytes but only got 2. 
  warnings.warn(str(msg))
  6400/103218
  12800/103218
  19200/103218
  25600/103218
  32000/103218
D:\04_Tools\Python\Lib\site-packages\PIL\Image.py:1034: UserWarning: Palette images with Transparency expressed in bytes should be converted to RGBA images
  warnings.warn(
  38400/103218
  44800/103218
  51200/103218
  57600/103218
  64000/103218
  70400/103218
  76800/103218
  83200/103218
D:\04_Tools\Python\Lib\site-packages\PIL\Image.py:1034: UserWarning: Palette images with Transparency expressed in bytes should be converted to RGBA images
  warnings.warn(
  89600/103218
  96000/103218
  102400/103218
saved outputs/cache/fet_preds_round0.pt  probs(103218, 500)  mean_conf=0.948 p90_conf=1.000
kNN filter keeps 83401/103218 (80.80%)
[iter-relabel] model preds from fet_preds_round0.pt: mean_conf=0.948, would recover 1634 discarded (linear-teacher recovered ~84)
targets ready: 85035 usable samples (1634 pseudo-labelled)
ELR on: lambda=1.0 beta=0.7 buffer=(103218, 500) (206MB)
train images 85035  val images 10285
Warning: You are sending unauthenticated requests to the HF Hub. Please set a HF_TOKEN to enable higher rate limits and faster downloads.
trainable params: 17.58M
D:\02_Projects\ML\jinyinsai\finetune_fet.py:412: UserWarning: Detected call of `lr_scheduler.step()` before `optimizer.step()`. In PyTorch 1.1.0 and later, you should call them in the opposite order: `optimizer.step()` before `lr_scheduler.step()`.  Failure to do this will result in PyTorch skipping the first value of the learning rate schedule. See more details at https://pytorch.org/docs/stable/optim.html#how-to-adjust-learning-rate
  sched.step()
D:\04_Tools\Python\Lib\site-packages\PIL\Image.py:1034: UserWarning: Palette images with Transparency expressed in bytes should be converted to RGBA images
  warnings.warn(
D:\04_Tools\Python\Lib\site-packages\PIL\Image.py:1034: UserWarning: Palette images with Transparency expressed in bytes should be converted to RGBA images
  warnings.warn(
D:\04_Tools\Python\Lib\site-packages\PIL\TiffImagePlugin.py:949: UserWarning: Corrupt EXIF data.  Expecting to read 4 bytes but only got 2. 
  warnings.warn(str(msg))
epoch 01/8 loss=3.7666 time=863s  noisy_all=0.6895  low_lt03=0.3635  mid_03_06=0.8403  high_ge06=0.9924  *best*
epoch 02/8 loss=3.3384 time=876s  noisy_all=0.7233  low_lt03=0.4206  mid_03_06=0.8754  high_ge06=0.9949  *best*
epoch 03/8 loss=2.8916 time=867s  noisy_all=0.7428  low_lt03=0.4557  mid_03_06=0.893  high_ge06=0.9958  *best*
D:\04_Tools\Python\Lib\site-packages\PIL\TiffImagePlugin.py:949: UserWarning: Corrupt EXIF data.  Expecting to read 4 bytes but only got 2. 
  warnings.warn(str(msg))
epoch 04/8 loss=2.4982 time=820s  noisy_all=0.7611  low_lt03=0.4868  mid_03_06=0.9125  high_ge06=0.9964  *best*  [snap]
epoch 05/8 loss=2.1081 time=833s  noisy_all=0.7722  low_lt03=0.5084  mid_03_06=0.9199  high_ge06=0.9967  *best*  [snap]
epoch 06/8 loss=1.7431 time=793s  noisy_all=0.78  low_lt03=0.5244  mid_03_06=0.9233  high_ge06=0.9973  *best*  [snap]
epoch 07/8 loss=1.4242 time=837s  noisy_all=0.7843  low_lt03=0.5327  mid_03_06=0.9278  high_ge06=0.9964  *best*  [snap]
epoch 08/8 loss=1.1656 time=857s  noisy_all=0.7846  low_lt03=0.5323  mid_03_06=0.9289  high_ge06=0.997  *best*  [snap]
done
loaded outputs_fet_iter1\lora\best.pt (epoch 8), img_size=448, scales=[448, 512, 576] x flip
  scale 448 done
  scale 512 done
  scale 576 done
tta          dist: min=4 max=176 std=18.8
tta_balanced       dist: min=44 max=54 std=1.3  (changed 4178)
saved submissions\pred_results_fet_iter1_tta.csv and submissions\pred_results_fet_iter1_tta.zip
saved submissions\pred_results_fet_iter1_tta_balanced.csv and submissions\pred_results_fet_iter1_tta_balanced.zip
