kNN filter keeps 83401/103218 (80.80%)
targets ready: 83485 usable samples (84 pseudo-labelled)
ELR on: lambda=1.0 beta=0.7 buffer=(103218, 500) (206MB)
train images 83485  val images 10285
Warning: You are sending unauthenticated requests to the HF Hub. Please set a HF_TOKEN to enable higher rate limits and faster downloads.
trainable params: 17.58M
D:\02_Projects\ML\jinyinsai\finetune_fet.py:392: UserWarning: Detected call of `lr_scheduler.step()` before `optimizer.step()`. In PyTorch 1.1.0 and later, you should call them in the opposite order: `optimizer.step()` before `lr_scheduler.step()`.  Failure to do this will result in PyTorch skipping the first value of the learning rate schedule. See more details at https://pytorch.org/docs/stable/optim.html#how-to-adjust-learning-rate
  sched.step()
D:\04_Tools\Python\Lib\site-packages\PIL\Image.py:1034: UserWarning: Palette images with Transparency expressed in bytes should be converted to RGBA images
  warnings.warn(
D:\04_Tools\Python\Lib\site-packages\PIL\Image.py:1034: UserWarning: Palette images with Transparency expressed in bytes should be converted to RGBA images
  warnings.warn(
D:\04_Tools\Python\Lib\site-packages\PIL\TiffImagePlugin.py:949: UserWarning: Corrupt EXIF data.  Expecting to read 4 bytes but only got 2. 
  warnings.warn(str(msg))
epoch 01/8 loss=3.8075 time=824s  noisy_all=0.6877  low_lt03=0.3675  mid_03_06=0.8324  high_ge06=0.9882  *best*
D:\04_Tools\Python\Lib\site-packages\PIL\TiffImagePlugin.py:949: UserWarning: Corrupt EXIF data.  Expecting to read 4 bytes but only got 2. 
  warnings.warn(str(msg))
epoch 02/8 loss=3.3904 time=882s  noisy_all=0.7232  low_lt03=0.428  mid_03_06=0.8657  high_ge06=0.9927  *best*
epoch 03/8 loss=2.9737 time=878s  noisy_all=0.7515  low_lt03=0.4726  mid_03_06=0.8994  high_ge06=0.9955  *best*
epoch 04/8 loss=2.5537 time=881s  noisy_all=0.7681  low_lt03=0.4986  mid_03_06=0.9207  high_ge06=0.9961  *best*  [snap]
epoch 05/8 loss=2.1650 time=914s  noisy_all=0.7737  low_lt03=0.5137  mid_03_06=0.9192  high_ge06=0.9949
epoch 06/8 loss=1.7743 time=838s  noisy_all=0.7808  low_lt03=0.5279  mid_03_06=0.9233  high_ge06=0.9955  *best*  [snap]
epoch 07/8 loss=1.4452 time=723s  noisy_all=0.7824  low_lt03=0.5316  mid_03_06=0.9237  high_ge06=0.9952  *best*  [snap]
epoch 08/8 loss=1.1866 time=728s  noisy_all=0.782  low_lt03=0.532  mid_03_06=0.9214  high_ge06=0.9952
done
Warning: You are sending unauthenticated requests to the HF Hub. Please set a HF_TOKEN to enable higher rate limits and faster downloads.
loaded outputs_fet_c448_elr8\lora\best.pt (epoch 7), img_size=448, scales=[448, 512, 576] x flip
  scale 448 done
  scale 512 done
  scale 576 done
tta          dist: min=1 max=149 std=19.1
tta_balanced       dist: min=46 max=54 std=1.2  (changed 4261)
saved submissions\pred_results_fet_elr8_tta.csv and submissions\pred_results_fet_elr8_tta.zip
saved submissions\pred_results_fet_elr8_tta_balanced.csv and submissions\pred_results_fet_elr8_tta_balanced.zip
