kNN filter keeps 83401/103218 (80.80%)
targets ready: 83485 usable samples (84 pseudo-labelled)
train images 83485  val images 10285
Warning: You are sending unauthenticated requests to the HF Hub. Please set a HF_TOKEN to enable higher rate limits and faster downloads.
trainable params: 17.58M
D:\02_Projects\ML\jinyinsai\finetune_fet.py:374: UserWarning: Detected call of `lr_scheduler.step()` before `optimizer.step()`. In PyTorch 1.1.0 and later, you should call them in the opposite order: `optimizer.step()` before `lr_scheduler.step()`.  Failure to do this will result in PyTorch skipping the first value of the learning rate schedule. See more details at https://pytorch.org/docs/stable/optim.html#how-to-adjust-learning-rate
  sched.step()
D:\04_Tools\Python\Lib\site-packages\PIL\Image.py:1034: UserWarning: Palette images with Transparency expressed in bytes should be converted to RGBA images
  warnings.warn(
D:\04_Tools\Python\Lib\site-packages\PIL\Image.py:1034: UserWarning: Palette images with Transparency expressed in bytes should be converted to RGBA images
  warnings.warn(
D:\04_Tools\Python\Lib\site-packages\PIL\TiffImagePlugin.py:949: UserWarning: Corrupt EXIF data.  Expecting to read 4 bytes but only got 2. 
  warnings.warn(str(msg))
epoch 01/6 loss=3.9616 time=771s  noisy_all=0.6881  low_lt03=0.3682  mid_03_06=0.8316  high_ge06=0.9891  *best*
D:\04_Tools\Python\Lib\site-packages\PIL\TiffImagePlugin.py:949: UserWarning: Corrupt EXIF data.  Expecting to read 4 bytes but only got 2. 
  warnings.warn(str(msg))
epoch 02/6 loss=3.6014 time=696s  noisy_all=0.7272  low_lt03=0.4325  mid_03_06=0.8736  high_ge06=0.993  *best*
epoch 03/6 loss=3.3003 time=700s  noisy_all=0.7532  low_lt03=0.477  mid_03_06=0.899  high_ge06=0.9955  *best*  [snap]
epoch 04/6 loss=3.0067 time=701s  noisy_all=0.7683  low_lt03=0.5021  mid_03_06=0.9162  high_ge06=0.9958  *best*  [snap]
epoch 05/6 loss=2.8043 time=715s  noisy_all=0.776  low_lt03=0.52  mid_03_06=0.9184  high_ge06=0.9946  *best*  [snap]
epoch 06/6 loss=2.6963 time=727s  noisy_all=0.7772  low_lt03=0.5227  mid_03_06=0.9177  high_ge06=0.9955
done
Warning: You are sending unauthenticated requests to the HF Hub. Please set a HF_TOKEN to enable higher rate limits and faster downloads.
loaded outputs_fet_c448\lora\best.pt (epoch 5), img_size=448, scales=[448, 512, 576] x flip
  scale 448 done
  scale 512 done
  scale 576 done
tta          dist: min=0 max=154 std=21.4
tta_balanced       dist: min=45 max=54 std=1.4  (changed 4631)
saved submissions\pred_results_fet_c448_tta.csv and submissions\pred_results_fet_c448_tta.zip
saved submissions\pred_results_fet_c448_tta_balanced.csv and submissions\pred_results_fet_c448_tta_balanced.zip
