kNN filter keeps 83401/103218 (80.80%)
cleanlab[cleanlab_knn] keeps 77198/92933 (83.07%)
targets ready: 77392 usable samples (194 consensus pseudo-labelled)
train images 77392  val images 10285
Warning: You are sending unauthenticated requests to the HF Hub. Please set a HF_TOKEN to enable higher rate limits and faster downloads.
trainable params: 5.10M
D:\02_Projects\ML\jinyinsai\finetune_lora.py:393: UserWarning: Detected call of `lr_scheduler.step()` before `optimizer.step()`. In PyTorch 1.1.0 and later, you should call them in the opposite order: `optimizer.step()` before `lr_scheduler.step()`.  Failure to do this will result in PyTorch skipping the first value of the learning rate schedule. See more details at https://pytorch.org/docs/stable/optim.html#how-to-adjust-learning-rate
  sched.step()
D:\04_Tools\Python\Lib\site-packages\PIL\Image.py:1034: UserWarning: Palette images with Transparency expressed in bytes should be converted to RGBA images
  warnings.warn(
D:\04_Tools\Python\Lib\site-packages\PIL\Image.py:1034: UserWarning: Palette images with Transparency expressed in bytes should be converted to RGBA images
  warnings.warn(
epoch 01/6 loss=1.7983 time=657s  noisy_all=0.7071  low_lt03=0.3955  mid_03_06=0.8545  high_ge06=0.9942  *best*
epoch 02/6 loss=1.5602 time=635s  noisy_all=0.7448  low_lt03=0.4594  mid_03_06=0.8945  high_ge06=0.9958  *best*
epoch 03/6 loss=1.3937 time=631s  noisy_all=0.7631  low_lt03=0.4937  mid_03_06=0.9091  high_ge06=0.9961  *best*  [snap]
epoch 04/6 loss=1.2595 time=629s  noisy_all=0.772  low_lt03=0.5116  mid_03_06=0.9136  high_ge06=0.997  *best*  [snap]
epoch 05/6 loss=1.1579 time=630s  noisy_all=0.7761  low_lt03=0.5211  mid_03_06=0.9158  high_ge06=0.9955  *best*  [snap]
epoch 06/6 loss=1.1081 time=632s  noisy_all=0.7772  low_lt03=0.5251  mid_03_06=0.914  high_ge06=0.9955
done
Warning: You are sending unauthenticated requests to the HF Hub. Please set a HF_TOKEN to enable higher rate limits and faster downloads.
loaded outputs_ortho_cleanlabknn\lora\full.pt (epoch 5), img_size=448, scales=[448, 512, 576] x flip
  scale 448 done
  scale 512 done
  scale 576 done
tta          dist: min=1 max=225 std=20.8
tta_balanced       dist: min=43 max=54 std=1.4  (changed 4482)
saved submissions\pred_results_ortho_cleanlabknn_tta.csv and submissions\pred_results_ortho_cleanlabknn_tta.zip
saved submissions\pred_results_ortho_cleanlabknn_tta_balanced.csv and submissions\pred_results_ortho_cleanlabknn_tta_balanced.zip
