kNN filter keeps 83401/103218 (80.80%)
targets ready: 83485 usable samples (84 consensus pseudo-labelled)
train images 83485  val images 10285
Warning: You are sending unauthenticated requests to the HF Hub. Please set a HF_TOKEN to enable higher rate limits and faster downloads.
trainable params: 2.83M
D:\02_Projects\ML\jinyinsai\finetune_lora.py:393: UserWarning: Detected call of `lr_scheduler.step()` before `optimizer.step()`. In PyTorch 1.1.0 and later, you should call them in the opposite order: `optimizer.step()` before `lr_scheduler.step()`.  Failure to do this will result in PyTorch skipping the first value of the learning rate schedule. See more details at https://pytorch.org/docs/stable/optim.html#how-to-adjust-learning-rate
  sched.step()
D:\04_Tools\Python\Lib\site-packages\PIL\Image.py:1034: UserWarning: Palette images with Transparency expressed in bytes should be converted to RGBA images
  warnings.warn(
D:\04_Tools\Python\Lib\site-packages\PIL\Image.py:1034: UserWarning: Palette images with Transparency expressed in bytes should be converted to RGBA images
  warnings.warn(
D:\04_Tools\Python\Lib\site-packages\PIL\TiffImagePlugin.py:949: UserWarning: Corrupt EXIF data.  Expecting to read 4 bytes but only got 2. 
  warnings.warn(str(msg))
epoch 01/6 loss=2.1674 time=719s  noisy_all=0.6878  low_lt03=0.3665  mid_03_06=0.8294  high_ge06=0.9921  *best*
D:\04_Tools\Python\Lib\site-packages\PIL\TiffImagePlugin.py:949: UserWarning: Corrupt EXIF data.  Expecting to read 4 bytes but only got 2. 
  warnings.warn(str(msg))
epoch 02/6 loss=1.7993 time=709s  noisy_all=0.7224  low_lt03=0.4225  mid_03_06=0.8702  high_ge06=0.9939  *best*
epoch 03/6 loss=1.6334 time=717s  noisy_all=0.7436  low_lt03=0.4617  mid_03_06=0.8866  high_ge06=0.9955  *best*  [snap]
epoch 04/6 loss=1.4952 time=711s  noisy_all=0.7528  low_lt03=0.4798  mid_03_06=0.8949  high_ge06=0.9939  *best*  [snap]
epoch 05/6 loss=1.3917 time=705s  noisy_all=0.7604  low_lt03=0.4954  mid_03_06=0.8994  high_ge06=0.9936  *best*  [snap]
epoch 06/6 loss=1.3356 time=729s  noisy_all=0.7622  low_lt03=0.4961  mid_03_06=0.9061  high_ge06=0.9927  *best*  [snap]
done
Warning: You are sending unauthenticated requests to the HF Hub. Please set a HF_TOKEN to enable higher rate limits and faster downloads.
loaded outputs_ortho_dora16\lora\full.pt (epoch 6), img_size=448, scales=[448, 512, 576] x flip
  scale 448 done
  scale 512 done
  scale 576 done
tta          dist: min=4 max=137 std=19.3
tta_balanced       dist: min=44 max=54 std=1.3  (changed 4453)
saved submissions\pred_results_ortho_dora16_tta.csv and submissions\pred_results_ortho_dora16_tta.zip
saved submissions\pred_results_ortho_dora16_tta_balanced.csv and submissions\pred_results_ortho_dora16_tta_balanced.zip
