kNN filter keeps 83401/103218 (80.80%)
targets ready: 83485 usable samples (84 consensus pseudo-labelled)
train images 83485  val images 10285
Warning: You are sending unauthenticated requests to the HF Hub. Please set a HF_TOKEN to enable higher rate limits and faster downloads.
trainable params: 5.10M
D:\02_Projects\ML\jinyinsai\finetune_lora.py:393: UserWarning: Detected call of `lr_scheduler.step()` before `optimizer.step()`. In PyTorch 1.1.0 and later, you should call them in the opposite order: `optimizer.step()` before `lr_scheduler.step()`.  Failure to do this will result in PyTorch skipping the first value of the learning rate schedule. See more details at https://pytorch.org/docs/stable/optim.html#how-to-adjust-learning-rate
  sched.step()
D:\04_Tools\Python\Lib\site-packages\PIL\Image.py:1034: UserWarning: Palette images with Transparency expressed in bytes should be converted to RGBA images
  warnings.warn(
D:\04_Tools\Python\Lib\site-packages\PIL\Image.py:1034: UserWarning: Palette images with Transparency expressed in bytes should be converted to RGBA images
  warnings.warn(
D:\04_Tools\Python\Lib\site-packages\PIL\TiffImagePlugin.py:949: UserWarning: Corrupt EXIF data.  Expecting to read 4 bytes but only got 2. 
  warnings.warn(str(msg))
epoch 01/6 loss=2.1380 time=695s  noisy_all=0.7044  low_lt03=0.3967  mid_03_06=0.8466  high_ge06=0.9906  *best*
epoch 02/6 loss=1.6747 time=689s  noisy_all=0.7439  low_lt03=0.4596  mid_03_06=0.8908  high_ge06=0.9958  *best*
epoch 03/6 loss=1.4931 time=689s  noisy_all=0.7631  low_lt03=0.4949  mid_03_06=0.9068  high_ge06=0.9964  *best*  [snap]
epoch 04/6 loss=1.3417 time=708s  noisy_all=0.7735  low_lt03=0.5123  mid_03_06=0.9207  high_ge06=0.9949  *best*  [snap]
epoch 05/6 loss=1.2257 time=712s  noisy_all=0.7801  low_lt03=0.526  mid_03_06=0.9233  high_ge06=0.9955  *best*  [snap]
epoch 06/6 loss=1.1637 time=716s  noisy_all=0.7807  low_lt03=0.5306  mid_03_06=0.9203  high_ge06=0.9936
done
loaded outputs_ortho_attnpool\lora\full.pt (epoch 5), img_size=448, scales=[448, 512, 576] x flip
  scale 448 done
  scale 512 done
  scale 576 done
tta          dist: min=4 max=127 std=17.5
tta_balanced       dist: min=44 max=54 std=1.3  (changed 4080)
saved submissions\pred_results_ortho_attnpool_tta.csv and submissions\pred_results_ortho_attnpool_tta.zip
saved submissions\pred_results_ortho_attnpool_tta_balanced.csv and submissions\pred_results_ortho_attnpool_tta_balanced.zip
