kNN filter keeps 83401/103218 (80.80%)
targets ready: 83485 usable samples (84 consensus pseudo-labelled)
train images 83485  val images 10285
trainable params: 5.10M
D:\02_Projects\ML\jinyinsai\finetune_lora.py:354: UserWarning: Detected call of `lr_scheduler.step()` before `optimizer.step()`. In PyTorch 1.1.0 and later, you should call them in the opposite order: `optimizer.step()` before `lr_scheduler.step()`.  Failure to do this will result in PyTorch skipping the first value of the learning rate schedule. See more details at https://pytorch.org/docs/stable/optim.html#how-to-adjust-learning-rate
  sched.step()
D:\04_Tools\Python\Lib\site-packages\PIL\Image.py:1034: UserWarning: Palette images with Transparency expressed in bytes should be converted to RGBA images
  warnings.warn(
D:\04_Tools\Python\Lib\site-packages\PIL\Image.py:1034: UserWarning: Palette images with Transparency expressed in bytes should be converted to RGBA images
  warnings.warn(
D:\04_Tools\Python\Lib\site-packages\PIL\TiffImagePlugin.py:949: UserWarning: Corrupt EXIF data.  Expecting to read 4 bytes but only got 2. 
  warnings.warn(str(msg))
epoch 01/6 loss=3.2027 time=694s  noisy_all=0.6845  low_lt03=0.3605  mid_03_06=0.8272  high_ge06=0.9915  *best*
epoch 02/6 loss=2.4483 time=664s  noisy_all=0.7128  low_lt03=0.4018  mid_03_06=0.8672  high_ge06=0.9933  *best*
epoch 03/6 loss=2.0440 time=697s  noisy_all=0.7298  low_lt03=0.4299  mid_03_06=0.887  high_ge06=0.9936  *best*  [snap]
epoch 04/6 loss=1.6211 time=691s  noisy_all=0.7454  low_lt03=0.4573  mid_03_06=0.9031  high_ge06=0.9933  *best*  [snap]
epoch 05/6 loss=1.2959 time=689s  noisy_all=0.7546  low_lt03=0.4721  mid_03_06=0.9143  high_ge06=0.9936  *best*  [snap]
epoch 06/6 loss=1.1096 time=695s  noisy_all=0.757  low_lt03=0.4789  mid_03_06=0.9128  high_ge06=0.9936
done
Warning: You are sending unauthenticated requests to the HF Hub. Please set a HF_TOKEN to enable higher rate limits and faster downloads.
loaded outputs_ortho_sce\lora\full.pt (epoch 5), img_size=448, scales=[448, 512, 576] x flip
  scale 448 done
  scale 512 done
  scale 576 done
tta          dist: min=0 max=144 std=20.4
tta_balanced       dist: min=46 max=54 std=1.2  (changed 4576)
saved submissions\pred_results_ortho_sce_tta.csv and submissions\pred_results_ortho_sce_tta.zip
saved submissions\pred_results_ortho_sce_tta_balanced.csv and submissions\pred_results_ortho_sce_tta_balanced.zip
