kNN filter keeps 83401/103218 (80.80%)
targets ready: 83485 usable samples (84 consensus pseudo-labelled)
train images 83485  val images 10285
trainable params: 5.10M
D:\02_Projects\ML\jinyinsai\finetune_lora.py:371: UserWarning: Detected call of `lr_scheduler.step()` before `optimizer.step()`. In PyTorch 1.1.0 and later, you should call them in the opposite order: `optimizer.step()` before `lr_scheduler.step()`.  Failure to do this will result in PyTorch skipping the first value of the learning rate schedule. See more details at https://pytorch.org/docs/stable/optim.html#how-to-adjust-learning-rate
  sched.step()
D:\04_Tools\Python\Lib\site-packages\PIL\Image.py:1034: UserWarning: Palette images with Transparency expressed in bytes should be converted to RGBA images
  warnings.warn(
D:\04_Tools\Python\Lib\site-packages\PIL\Image.py:1034: UserWarning: Palette images with Transparency expressed in bytes should be converted to RGBA images
  warnings.warn(
D:\04_Tools\Python\Lib\site-packages\PIL\TiffImagePlugin.py:949: UserWarning: Corrupt EXIF data.  Expecting to read 4 bytes but only got 2. 
  warnings.warn(str(msg))
epoch 01/6 loss=2.9776 time=700s  noisy_all=0.6802  low_lt03=0.3549  mid_03_06=0.8219  high_ge06=0.9897  *best*
epoch 02/6 loss=2.2798 time=724s  noisy_all=0.6956  low_lt03=0.376  mid_03_06=0.8474  high_ge06=0.9894  *best*
epoch 03/6 loss=2.0361 time=698s  noisy_all=0.6983  low_lt03=0.3821  mid_03_06=0.847  high_ge06=0.9903
epoch 04/6 loss=1.6325 time=693s  noisy_all=0.7106  low_lt03=0.4006  mid_03_06=0.8664  high_ge06=0.9888  *best*  [snap]
epoch 05/6 loss=1.2856 time=693s  noisy_all=0.7209  low_lt03=0.422  mid_03_06=0.8698  high_ge06=0.99  *best*  [snap]
epoch 06/6 loss=1.0969 time=689s  noisy_all=0.724  low_lt03=0.428  mid_03_06=0.8721  high_ge06=0.99  *best*  [snap]
done
Warning: You are sending unauthenticated requests to the HF Hub. Please set a HF_TOKEN to enable higher rate limits and faster downloads.
loaded outputs_ortho_apl\lora\full.pt (epoch 6), img_size=448, scales=[448, 512, 576] x flip
  scale 448 done
  scale 512 done
  scale 576 done
tta          dist: min=0 max=138 std=22.7
tta_balanced       dist: min=41 max=56 std=2.2  (changed 4913)
saved submissions\pred_results_ortho_apl_tta.csv and submissions\pred_results_ortho_apl_tta.zip
saved submissions\pred_results_ortho_apl_tta_balanced.csv and submissions\pred_results_ortho_apl_tta_balanced.zip
