kNN filter keeps 83401/103218 (80.80%)
targets ready: 83485 usable samples (84 consensus pseudo-labelled)
train images 83485  val images 10285
Warning: You are sending unauthenticated requests to the HF Hub. Please set a HF_TOKEN to enable higher rate limits and faster downloads.
trainable params: 5.10M
D:\04_Tools\Python\Lib\site-packages\PIL\Image.py:1034: UserWarning: Palette images with Transparency expressed in bytes should be converted to RGBA images
  warnings.warn(
D:\04_Tools\Python\Lib\site-packages\PIL\Image.py:1034: UserWarning: Palette images with Transparency expressed in bytes should be converted to RGBA images
  warnings.warn(
D:\04_Tools\Python\Lib\site-packages\PIL\TiffImagePlugin.py:949: UserWarning: Corrupt EXIF data.  Expecting to read 4 bytes but only got 2. 
  warnings.warn(str(msg))
epoch 01/6 loss=2.9448 time=737s  noisy_all=0.7  low_lt03=0.3846  mid_03_06=0.8485  high_ge06=0.9909  *best*
epoch 02/6 loss=2.6917 time=726s  noisy_all=0.7361  low_lt03=0.4413  mid_03_06=0.8934  high_ge06=0.9933  *best*
epoch 03/6 loss=2.5297 time=723s  noisy_all=0.7551  low_lt03=0.4782  mid_03_06=0.9035  high_ge06=0.9961  *best*  [snap]
epoch 04/6 loss=2.3557 time=682s  noisy_all=0.768  low_lt03=0.5016  mid_03_06=0.9155  high_ge06=0.9961  *best*  [snap]
epoch 05/6 loss=2.2401 time=679s  noisy_all=0.7733  low_lt03=0.5132  mid_03_06=0.9169  high_ge06=0.9961  *best*  [snap]
epoch 06/6 loss=2.1535 time=680s  noisy_all=0.7789  low_lt03=0.5221  mid_03_06=0.9244  high_ge06=0.9961  *best*  [snap]
done
Warning: You are sending unauthenticated requests to the HF Hub. Please set a HF_TOKEN to enable higher rate limits and faster downloads.
loaded outputs_ortho_mixup04\lora\full.pt (epoch 6), img_size=448, scales=[448, 512, 576] x flip
  scale 448 done
  scale 512 done
  scale 576 done
tta          dist: min=4 max=148 std=19.2
tta_balanced       dist: min=45 max=55 std=1.4  (changed 4331)
saved submissions\pred_results_ortho_mixup04_tta.csv and submissions\pred_results_ortho_mixup04_tta.zip
saved submissions\pred_results_ortho_mixup04_tta_balanced.csv and submissions\pred_results_ortho_mixup04_tta_balanced.zip
