kNN filter keeps 83401/103218 (80.80%)
class-balance(power=0.5): weight ratio max/min = 1.03
targets ready: 83485 usable samples (84 consensus pseudo-labelled, 0 CL-relabelled)
train images 83485  val images 10285
trainable params: 5.10M
D:\04_Tools\Python\Lib\site-packages\PIL\Image.py:1034: UserWarning: Palette images with Transparency expressed in bytes should be converted to RGBA images
  warnings.warn(
D:\04_Tools\Python\Lib\site-packages\PIL\Image.py:1034: UserWarning: Palette images with Transparency expressed in bytes should be converted to RGBA images
  warnings.warn(
D:\04_Tools\Python\Lib\site-packages\PIL\TiffImagePlugin.py:949: UserWarning: Corrupt EXIF data.  Expecting to read 4 bytes but only got 2. 
  warnings.warn(str(msg))
epoch 01/6 loss=1.8709 time=781s  noisy_all=0.7185  low_lt03=0.4106  mid_03_06=0.8743  high_ge06=0.9939  *best*
epoch 02/6 loss=1.6302 time=742s  noisy_all=0.7546  low_lt03=0.4761  mid_03_06=0.9035  high_ge06=0.9973  *best*
epoch 03/6 loss=1.4582 time=748s  noisy_all=0.7726  low_lt03=0.507  mid_03_06=0.9237  high_ge06=0.9967  *best*  [snap]
epoch 04/6 loss=1.3127 time=788s  noisy_all=0.7779  low_lt03=0.5223  mid_03_06=0.9211  high_ge06=0.9955
epoch 05/6 loss=1.2031 time=746s  noisy_all=0.7825  low_lt03=0.5313  mid_03_06=0.9252  high_ge06=0.9946  *best*  [snap]
epoch 06/6 loss=1.1440 time=741s  noisy_all=0.7845  low_lt03=0.5355  mid_03_06=0.9252  high_ge06=0.9955
done
loaded outputs_ortho_cb05\lora\full.pt (epoch 5), img_size=448, scales=[448, 512, 576] x flip
  scale 448 done
  scale 512 done
  scale 576 done
tta          dist: min=0 max=195 std=19.8
tta_balanced       dist: min=44 max=55 std=1.4  (changed 4331)
saved submissions\pred_results_ortho_cb05_tta.csv and submissions\pred_results_ortho_cb05_tta.zip
saved submissions\pred_results_ortho_cb05_tta_balanced.csv and submissions\pred_results_ortho_cb05_tta_balanced.zip
