kNN filter keeps 83401/103218 (80.80%)
denoise[otknn] keeps 77217/92933 (83.09%)
targets ready: 84776 usable samples (196 consensus pseudo-labelled, 7551 CL-relabelled)
train images 84776  val images 10285
trainable params: 5.10M
D:\04_Tools\Python\Lib\site-packages\PIL\Image.py:1034: UserWarning: Palette images with Transparency expressed in bytes should be converted to RGBA images
  warnings.warn(
D:\04_Tools\Python\Lib\site-packages\PIL\Image.py:1034: UserWarning: Palette images with Transparency expressed in bytes should be converted to RGBA images
  warnings.warn(
D:\04_Tools\Python\Lib\site-packages\PIL\TiffImagePlugin.py:949: UserWarning: Corrupt EXIF data.  Expecting to read 4 bytes but only got 2. 
  warnings.warn(str(msg))
epoch 01/6 loss=1.8244 time=786s  noisy_all=0.7011  low_lt03=0.3856  mid_03_06=0.8511  high_ge06=0.9912  *best*
epoch 02/6 loss=1.6019 time=793s  noisy_all=0.7316  low_lt03=0.4394  mid_03_06=0.8803  high_ge06=0.9921  *best*
D:\04_Tools\Python\Lib\site-packages\PIL\TiffImagePlugin.py:949: UserWarning: Corrupt EXIF data.  Expecting to read 4 bytes but only got 2. 
  warnings.warn(str(msg))
epoch 03/6 loss=1.4438 time=786s  noisy_all=0.7483  low_lt03=0.4666  mid_03_06=0.8967  high_ge06=0.9955  *best*  [snap]
epoch 04/6 loss=1.3060 time=797s  noisy_all=0.7517  low_lt03=0.4724  mid_03_06=0.902  high_ge06=0.9942  *best*  [snap]
epoch 05/6 loss=1.1970 time=788s  noisy_all=0.7568  low_lt03=0.4842  mid_03_06=0.9035  high_ge06=0.9936  *best*  [snap]
epoch 06/6 loss=1.1416 time=791s  noisy_all=0.7569  low_lt03=0.4865  mid_03_06=0.9009  high_ge06=0.993
done
loaded outputs_ortho_otknn\lora\full.pt (epoch 5), img_size=448, scales=[448, 512, 576] x flip
  scale 448 done
  scale 512 done
  scale 576 done
tta          dist: min=3 max=248 std=24.6
tta_balanced       dist: min=44 max=56 std=1.4  (changed 5012)
saved submissions\pred_results_ortho_otknn_tta.csv and submissions\pred_results_ortho_otknn_tta.zip
saved submissions\pred_results_ortho_otknn_tta_balanced.csv and submissions\pred_results_ortho_otknn_tta_balanced.zip
