kNN filter keeps 83401/103218 (80.80%)
targets ready: 83485 usable samples (84 consensus pseudo-labelled)
train images 83485  val images 10285
Warning: You are sending unauthenticated requests to the HF Hub. Please set a HF_TOKEN to enable higher rate limits and faster downloads.
trainable params: 5.10M
D:\04_Tools\Python\Lib\site-packages\PIL\Image.py:1034: UserWarning: Palette images with Transparency expressed in bytes should be converted to RGBA images
  warnings.warn(
D:\04_Tools\Python\Lib\site-packages\PIL\Image.py:1034: UserWarning: Palette images with Transparency expressed in bytes should be converted to RGBA images
  warnings.warn(
D:\04_Tools\Python\Lib\site-packages\PIL\TiffImagePlugin.py:949: UserWarning: Corrupt EXIF data.  Expecting to read 4 bytes but only got 2. 
  warnings.warn(str(msg))
epoch 01/6 loss=2.0368 time=692s  noisy_all=0.7051  low_lt03=0.3902  mid_03_06=0.8556  high_ge06=0.9939  *best*
epoch 02/6 loss=1.6617 time=687s  noisy_all=0.7488  low_lt03=0.4691  mid_03_06=0.8945  high_ge06=0.9955  *best*
epoch 03/6 loss=1.4788 time=686s  noisy_all=0.7681  low_lt03=0.5002  mid_03_06=0.9173  high_ge06=0.9967  *best*  [snap]
epoch 04/6 loss=1.3295 time=685s  noisy_all=0.778  low_lt03=0.523  mid_03_06=0.9211  high_ge06=0.9949  *best*  [snap]
epoch 05/6 loss=1.2158 time=681s  noisy_all=0.7832  low_lt03=0.536  mid_03_06=0.9211  high_ge06=0.9939
epoch 06/6 loss=1.1546 time=681s  noisy_all=0.7856  low_lt03=0.5406  mid_03_06=0.9233  high_ge06=0.9936  *best*  [snap]
done
loaded outputs_ortho_fuse4\lora\full.pt (epoch 6), img_size=448, scales=[448, 512, 576] x flip
  scale 448 done
  scale 512 done
  scale 576 done
tta          dist: min=3 max=181 std=18.8
tta_balanced       dist: min=46 max=54 std=1.3  (changed 4195)
saved submissions\pred_results_ortho_fuse4_tta.csv and submissions\pred_results_ortho_fuse4_tta.zip
saved submissions\pred_results_ortho_fuse4_tta_balanced.csv and submissions\pred_results_ortho_fuse4_tta_balanced.zip
