=== ЦРВт 22 ИіКђбЁЮФМў(ЭЌМмЙЙ rank32/attn_mlp/448, 90/10 held-out val) ===
Warning: You are sending unauthenticated requests to the HF Hub. Please set a HF_TOKEN to enable higher rate limits and faster downloads.
  0.9237  noisy=0.7809  auto_c448_dr_rank32/best.pt
  0.9244  noisy=0.7807  auto_c448_dr_rank32_keep90/best.pt
  0.9136  noisy=0.7605  auto_c448_rank32/best.pt
  0.9229  noisy=0.7873  breadth_aug06/best.pt
  0.9282  noisy=0.7926  breadth_ema9995/best.pt
  0.8938  noisy=0.7426  breadth_gce/best.pt
  0.9237  noisy=0.7741  breadth_keep85/best.pt
  0.9233  noisy=0.7930  breadth_keep95/best.pt
  0.9046  noisy=0.7595  run60_c448_dr_rank32_keep90/best_ep04.pt
  0.9140  noisy=0.7723  run60_c448_dr_rank32_keep90/best_ep05.pt
  0.9196  noisy=0.7804  run60_c448_dr_rank32_keep90/best_ep06.pt
  0.9233  noisy=0.7844  run60_c448_dr_rank32_keep90/best_ep08.pt
  0.9241  noisy=0.7890  run60_c448_dr_rank32_keep90/best_ep24.pt
  0.9244  noisy=0.7891  run60_c448_dr_rank32_keep90/best_ep25.pt
  0.9256  noisy=0.7907  run60_c448_dr_rank32_keep90/best_ep30.pt
  0.9184  noisy=0.7859  run60_c448_dr_rank32_keep90/ep10.pt
  0.9203  noisy=0.7875  run60_c448_dr_rank32_keep90/ep20.pt
  0.9199  noisy=0.7930  run60_c448_dr_rank32_keep90/ep40.pt
  0.9211  noisy=0.7926  run60_c448_dr_rank32_keep90/ep50.pt
  0.9207  noisy=0.7934  run60_c448_dr_rank32_keep90/ep60.pt

=== top-10 by mid_03_06 (ЙВ 20 КђбЁ) ===
  0.9282  noisy=0.7926  breadth_ema9995/best.pt
  0.9256  noisy=0.7907  run60_c448_dr_rank32_keep90/best_ep30.pt
  0.9244  noisy=0.7807  auto_c448_dr_rank32_keep90/best.pt
  0.9244  noisy=0.7891  run60_c448_dr_rank32_keep90/best_ep25.pt
  0.9241  noisy=0.7890  run60_c448_dr_rank32_keep90/best_ep24.pt
  0.9237  noisy=0.7809  auto_c448_dr_rank32/best.pt
  0.9237  noisy=0.7741  breadth_keep85/best.pt
  0.9233  noisy=0.7930  breadth_keep95/best.pt
  0.9233  noisy=0.7844  run60_c448_dr_rank32_keep90/best_ep08.pt
  0.9229  noisy=0.7873  breadth_aug06/best.pt

=== Greedy Soup ===
  start: best.pt  mid_03_06=0.9282
  - ОмОј best_ep30.pt (0.9218 < 0.9282)
  - ОмОј best.pt (0.9270 < 0.9282)
  - ОмОј best_ep25.pt (0.9233 < 0.9282)
  - ОмОј best_ep24.pt (0.9252 < 0.9282)
  - ОмОј best.pt (0.9248 < 0.9282)
  - ОмОј best.pt (0.9229 < 0.9282)
  - ОмОј best.pt (0.9267 < 0.9282)
  - ОмОј best_ep08.pt (0.9226 < 0.9282)
  - ОмОј best.pt (0.9229 < 0.9282)

=== НсЙћЛузмЃЈval, mid_03_06 / noisy_allЃЉ===
  зюгХЕЅФЃаЭ:        0.9282 / 0.7926
  Uniform Soup(10):  0.9229 / 0.7888
  Greedy Soup(1):   0.9282 / 0.7926
SOUP LAB DONE
