kNN filter keeps 83401/103218 (80.80%)
targets ready: 83485 usable samples (84 consensus pseudo-labelled)
train images 83485  val images 10285
Warning: You are sending unauthenticated requests to the HF Hub. Please set a HF_TOKEN to enable higher rate limits and faster downloads.
trainable params: 5.10M
D:\04_Tools\Python\Lib\site-packages\PIL\Image.py:1034: UserWarning: Palette images with Transparency expressed in bytes should be converted to RGBA images
  warnings.warn(
D:\04_Tools\Python\Lib\site-packages\PIL\TiffImagePlugin.py:949: UserWarning: Corrupt EXIF data.  Expecting to read 4 bytes but only got 2. 
  warnings.warn(str(msg))
D:\04_Tools\Python\Lib\site-packages\PIL\Image.py:1034: UserWarning: Palette images with Transparency expressed in bytes should be converted to RGBA images
  warnings.warn(
epoch 01/60 loss=1.8893 time=660s  noisy_all=0.654  low_lt03=0.3166  mid_03_06=0.7931  high_ge06=0.9812  *best*
epoch 02/60 loss=1.6891 time=636s  noisy_all=0.6985  low_lt03=0.3814  mid_03_06=0.8474  high_ge06=0.9915  *best*
D:\04_Tools\Python\Lib\site-packages\PIL\TiffImagePlugin.py:949: UserWarning: Corrupt EXIF data.  Expecting to read 4 bytes but only got 2. 
  warnings.warn(str(msg))
epoch 03/60 loss=1.5808 time=638s  noisy_all=0.7298  low_lt03=0.4348  mid_03_06=0.8777  high_ge06=0.9949  *best*
epoch 04/60 loss=1.5057 time=650s  noisy_all=0.7595  low_lt03=0.4882  mid_03_06=0.9046  high_ge06=0.9958  *best*  [snap]
epoch 05/60 loss=1.4539 time=679s  noisy_all=0.7723  low_lt03=0.5128  mid_03_06=0.914  high_ge06=0.9961  *best*  [snap]
epoch 06/60 loss=1.4087 time=682s  noisy_all=0.7804  low_lt03=0.5279  mid_03_06=0.9196  high_ge06=0.997  *best*  [snap]
epoch 07/60 loss=1.3580 time=686s  noisy_all=0.7836  low_lt03=0.5378  mid_03_06=0.9181  high_ge06=0.9952
epoch 08/60 loss=1.3126 time=681s  noisy_all=0.7844  low_lt03=0.5357  mid_03_06=0.9233  high_ge06=0.9964  *best*  [snap]
epoch 09/60 loss=1.2799 time=679s  noisy_all=0.783  low_lt03=0.5362  mid_03_06=0.9184  high_ge06=0.9952
epoch 10/60 loss=1.2528 time=682s  noisy_all=0.7859  low_lt03=0.5425  mid_03_06=0.9184  high_ge06=0.9961
epoch 11/60 loss=1.2283 time=686s  noisy_all=0.7883  low_lt03=0.546  mid_03_06=0.9226  high_ge06=0.9958
epoch 12/60 loss=1.2122 time=684s  noisy_all=0.7893  low_lt03=0.5497  mid_03_06=0.9226  high_ge06=0.9939
epoch 13/60 loss=1.1951 time=680s  noisy_all=0.79  low_lt03=0.5513  mid_03_06=0.9207  high_ge06=0.9955
epoch 14/60 loss=1.1804 time=687s  noisy_all=0.7885  low_lt03=0.5504  mid_03_06=0.9188  high_ge06=0.9936
epoch 15/60 loss=1.1690 time=678s  noisy_all=0.7903  low_lt03=0.5522  mid_03_06=0.9214  high_ge06=0.9946
epoch 16/60 loss=1.1591 time=690s  noisy_all=0.7881  low_lt03=0.5485  mid_03_06=0.9181  high_ge06=0.9955
epoch 17/60 loss=1.1501 time=694s  noisy_all=0.7887  low_lt03=0.549  mid_03_06=0.9196  high_ge06=0.9955
epoch 18/60 loss=1.1384 time=690s  noisy_all=0.7892  low_lt03=0.5525  mid_03_06=0.9169  high_ge06=0.9946
epoch 19/60 loss=1.1278 time=686s  noisy_all=0.7879  low_lt03=0.5481  mid_03_06=0.9196  high_ge06=0.9942
epoch 20/60 loss=1.1219 time=720s  noisy_all=0.7875  low_lt03=0.5457  mid_03_06=0.9203  high_ge06=0.9952
epoch 21/60 loss=1.1123 time=698s  noisy_all=0.7888  low_lt03=0.5515  mid_03_06=0.9181  high_ge06=0.9936
epoch 22/60 loss=1.1041 time=696s  noisy_all=0.7877  low_lt03=0.5481  mid_03_06=0.9196  high_ge06=0.9933
epoch 23/60 loss=1.0966 time=689s  noisy_all=0.7892  low_lt03=0.5508  mid_03_06=0.9207  high_ge06=0.9936
epoch 24/60 loss=1.0904 time=661s  noisy_all=0.789  low_lt03=0.549  mid_03_06=0.9241  high_ge06=0.9927  *best*  [snap]
epoch 25/60 loss=1.0828 time=634s  noisy_all=0.7891  low_lt03=0.5487  mid_03_06=0.9244  high_ge06=0.993  *best*  [snap]
epoch 26/60 loss=1.0765 time=649s  noisy_all=0.7876  low_lt03=0.5469  mid_03_06=0.9207  high_ge06=0.9936
epoch 27/60 loss=1.0690 time=641s  noisy_all=0.7863  low_lt03=0.545  mid_03_06=0.9192  high_ge06=0.9933
epoch 28/60 loss=1.0616 time=636s  noisy_all=0.7897  low_lt03=0.5518  mid_03_06=0.9218  high_ge06=0.993
epoch 29/60 loss=1.0554 time=634s  noisy_all=0.7927  low_lt03=0.5571  mid_03_06=0.9241  high_ge06=0.9936
epoch 30/60 loss=1.0505 time=632s  noisy_all=0.7907  low_lt03=0.5513  mid_03_06=0.9256  high_ge06=0.9936  *best*  [snap]
epoch 31/60 loss=1.0449 time=634s  noisy_all=0.7899  low_lt03=0.5527  mid_03_06=0.9218  high_ge06=0.9924
epoch 32/60 loss=1.0394 time=636s  noisy_all=0.7908  low_lt03=0.5536  mid_03_06=0.9233  high_ge06=0.9927
epoch 33/60 loss=1.0334 time=698s  noisy_all=0.7916  low_lt03=0.5555  mid_03_06=0.9237  high_ge06=0.9927
epoch 34/60 loss=1.0295 time=638s  noisy_all=0.7903  low_lt03=0.5522  mid_03_06=0.9241  high_ge06=0.9924
epoch 35/60 loss=1.0236 time=626s  noisy_all=0.7912  low_lt03=0.5564  mid_03_06=0.9211  high_ge06=0.9921
epoch 36/60 loss=1.0209 time=630s  noisy_all=0.792  low_lt03=0.5573  mid_03_06=0.9218  high_ge06=0.993
epoch 37/60 loss=1.0157 time=627s  noisy_all=0.7924  low_lt03=0.5583  mid_03_06=0.9229  high_ge06=0.9921
epoch 38/60 loss=1.0121 time=643s  noisy_all=0.7912  low_lt03=0.5564  mid_03_06=0.9207  high_ge06=0.9924
epoch 39/60 loss=1.0081 time=635s  noisy_all=0.7927  low_lt03=0.558  mid_03_06=0.9237  high_ge06=0.9927
epoch 40/60 loss=1.0044 time=635s  noisy_all=0.793  low_lt03=0.5604  mid_03_06=0.9199  high_ge06=0.9936
epoch 41/60 loss=1.0011 time=636s  noisy_all=0.7935  low_lt03=0.5608  mid_03_06=0.9214  high_ge06=0.9933
epoch 42/60 loss=0.9988 time=634s  noisy_all=0.791  low_lt03=0.5555  mid_03_06=0.9203  high_ge06=0.9933
epoch 43/60 loss=0.9953 time=628s  noisy_all=0.7924  low_lt03=0.5592  mid_03_06=0.9211  high_ge06=0.9924
epoch 44/60 loss=0.9927 time=633s  noisy_all=0.7906  low_lt03=0.5555  mid_03_06=0.9207  high_ge06=0.9918
epoch 45/60 loss=0.9908 time=634s  noisy_all=0.792  low_lt03=0.5585  mid_03_06=0.9214  high_ge06=0.9918
epoch 46/60 loss=0.9883 time=636s  noisy_all=0.7924  low_lt03=0.5592  mid_03_06=0.9218  high_ge06=0.9918
epoch 47/60 loss=0.9866 time=632s  noisy_all=0.7925  low_lt03=0.5597  mid_03_06=0.9207  high_ge06=0.9924
epoch 48/60 loss=0.9849 time=629s  noisy_all=0.7922  low_lt03=0.559  mid_03_06=0.9203  high_ge06=0.9927
epoch 49/60 loss=0.9836 time=640s  noisy_all=0.7926  low_lt03=0.5599  mid_03_06=0.9211  high_ge06=0.9921
epoch 50/60 loss=0.9818 time=642s  noisy_all=0.7926  low_lt03=0.5601  mid_03_06=0.9211  high_ge06=0.9918
epoch 51/60 loss=0.9810 time=640s  noisy_all=0.7928  low_lt03=0.5601  mid_03_06=0.9214  high_ge06=0.9921
epoch 52/60 loss=0.9798 time=637s  noisy_all=0.7927  low_lt03=0.5594  mid_03_06=0.9218  high_ge06=0.9924
epoch 53/60 loss=0.9786 time=635s  noisy_all=0.7934  low_lt03=0.561  mid_03_06=0.9218  high_ge06=0.9924
epoch 54/60 loss=0.9783 time=637s  noisy_all=0.7941  low_lt03=0.5617  mid_03_06=0.9233  high_ge06=0.9924
epoch 55/60 loss=0.9778 time=633s  noisy_all=0.7931  low_lt03=0.5597  mid_03_06=0.9229  high_ge06=0.9924
epoch 56/60 loss=0.9770 time=635s  noisy_all=0.7936  low_lt03=0.5608  mid_03_06=0.9229  high_ge06=0.9924
epoch 57/60 loss=0.9765 time=634s  noisy_all=0.7932  low_lt03=0.561  mid_03_06=0.9214  high_ge06=0.9921
epoch 58/60 loss=0.9763 time=635s  noisy_all=0.793  low_lt03=0.5606  mid_03_06=0.9207  high_ge06=0.9927
epoch 59/60 loss=0.9763 time=631s  noisy_all=0.7932  low_lt03=0.5608  mid_03_06=0.9211  high_ge06=0.9927
epoch 60/60 loss=0.9759 time=634s  noisy_all=0.7934  low_lt03=0.5615  mid_03_06=0.9207  high_ge06=0.9927
done
